01:11:39 **** Incremental Build of configuration debug for project z_ct_openssl_trial ****
make MODE=debug all 
cd src && make
make[1]: Entering directory '/work/Omnet/z_ct_openssl_trial/src'
make[1]: Nothing to be done for 'all'.
make[1]: Leaving directory '/work/Omnet/z_ct_openssl_trial/src'
01:11:49 **** Incremental Build of configuration debug for project z_ct_openssl_trial ****
make MODE=debug all 
cd src && make
make[1]: Entering directory '/work/Omnet/z_ct_openssl_trial/src'
Txc.cc
Creating executable: ../out/clang-debug/src/z_ct_openssl_trial_dbg
make[1]: Leaving directory '/work/Omnet/z_ct_openssl_trial/src'
01:19:44 **** Incremental Build of configuration debug for project z_ct_openssl_trial ****
make MODE=debug all 
cd src && make
make[1]: Entering directory '/work/Omnet/z_ct_openssl_trial/src'
Txc.cc
Txc.cc:30:28: warning: equality comparison with extraneous parentheses [-Wparentheses-equality]
    if (((mask = BN_new()) == NULL)) {
         ~~~~~~~~~~~~~~~~~~^~~~~~~
Txc.cc:30:28: note: remove extraneous parentheses around the comparison to silence this warning
    if (((mask = BN_new()) == NULL)) {
        ~                  ^      ~
Txc.cc:30:28: note: use '=' to turn this equality comparison into an assignment
    if (((mask = BN_new()) == NULL)) {
                           ^~
                           =
1 warning generated.
Creating executable: ../out/clang-debug/src/z_ct_openssl_trial_dbg
make[1]: Leaving directory '/work/Omnet/z_ct_openssl_trial/src'
01:20:27 **** Incremental Build of configuration debug for project z_ct_openssl_trial ****
make MODE=debug all 
cd src && make
make[1]: Entering directory '/work/Omnet/z_ct_openssl_trial/src'
Txc.cc
Creating executable: ../out/clang-debug/src/z_ct_openssl_trial_dbg
make[1]: Leaving directory '/work/Omnet/z_ct_openssl_trial/src'
01:20:42 **** Incremental Build of configuration debug for project z_ct_openssl_trial ****
make MODE=debug all 
cd src && make
make[1]: Entering directory '/work/Omnet/z_ct_openssl_trial/src'
make[1]: Nothing to be done for 'all'.
make[1]: Leaving directory '/work/Omnet/z_ct_openssl_trial/src'
01:21:20 **** Incremental Build of configuration debug for project z_ct_openssl_trial ****
make MODE=debug all 
cd src && make
make[1]: Entering directory '/work/Omnet/z_ct_openssl_trial/src'
make[1]: Nothing to be done for 'all'.
make[1]: Leaving directory '/work/Omnet/z_ct_openssl_trial/src'
01:23:20 **** Incremental Build of configuration debug for project z_ct_openssl_trial ****
make MODE=debug all 
cd src && make
make[1]: Entering directory '/work/Omnet/z_ct_openssl_trial/src'
make[1]: Nothing to be done for 'all'.
make[1]: Leaving directory '/work/Omnet/z_ct_openssl_trial/src'
01:32:13 **** Incremental Build of configuration debug for project z_ct_openssl_trial ****
make MODE=debug all 
cd src && make
make[1]: Entering directory '/work/Omnet/z_ct_openssl_trial/src'
make[1]: Nothing to be done for 'all'.
make[1]: Leaving directory '/work/Omnet/z_ct_openssl_trial/src'
02:14:27 **** Build of configuration debug for project z_ct_perf_trial ****
make MODE=debug all 
cd src && make
make[1]: Entering directory '/work/Omnet/z_ct_perf_trial/src'
Txc.cc
Creating executable: ../out/clang-debug/src/z_ct_perf_trial_dbg
make[1]: Leaving directory '/work/Omnet/z_ct_perf_trial/src'
02:14:57 **** Incremental Build of configuration debug for project z_ct_perf_trial ****
make MODE=debug all 
cd src && make
make[1]: Entering directory '/work/Omnet/z_ct_perf_trial/src'
make[1]: Nothing to be done for 'all'.
make[1]: Leaving directory '/work/Omnet/z_ct_perf_trial/src'
